# JRE version: Java(TM) SE Runtime Environment (8.0_151-b12) (build 1.8.0_151-b12)
# Java VM: Java HotSpot(TM) 64-Bit Server VM (25.151-b12 mixed mode windows-amd64 compressed oops)
Heap:
 PSYoungGen      total 165376K, used 65337K [0x000000076b380000, 0x0000000778b80000, 0x00000007c0000000)
  eden space 140800K, 28% used [0x000000076b380000,0x000000076db53688,0x0000000773d00000)
  from space 24576K, 99% used [0x0000000775b00000,0x00000007772faed8,0x0000000777300000)
  to   space 30720K, 0% used [0x0000000773d00000,0x0000000773d00000,0x0000000775b00000)
 ParOldGen       total 107520K, used 37161K [0x00000006c1a00000, 0x00000006c8300000, 0x000000076b380000)
  object space 107520K, 34% used [0x00000006c1a00000,0x00000006c3e4a4f8,0x00000006c8300000)
 Metaspace       used 30550K, capacity 31248K, committed 31360K, reserved 1077248K
  class space    used 3466K, capacity 3660K, committed 3712K, reserved 1048576K
GC Heap History (10 events):
Event: 5.246 GC heap before
{Heap before GC invocations=5 (full 1):
 PSYoungGen      total 76288K, used 10721K [0x000000076b380000, 0x0000000774880000, 0x00000007c0000000)
  eden space 65536K, 0% used [0x000000076b380000,0x000000076b380000,0x000000076f380000)
  from space 10752K, 99% used [0x000000076fe00000,0x0000000770878628,0x0000000770880000)
  to   space 10752K, 0% used [0x000000076f380000,0x000000076f380000,0x000000076fe00000)
 ParOldGen       total 175104K, used 2339K [0x00000006c1a00000, 0x00000006cc500000, 0x000000076b380000)
  object space 175104K, 1% used [0x00000006c1a00000,0x00000006c1c48fd0,0x00000006cc500000)
 Metaspace       used 20570K, capacity 21188K, committed 21296K, reserved 1069056K
  class space    used 2476K, capacity 2638K, committed 2688K, reserved 1048576K
Event: 5.302 GC heap after
Heap after GC invocations=5 (full 1):
 PSYoungGen      total 76288K, used 0K [0x000000076b380000, 0x0000000774880000, 0x00000007c0000000)
  eden space 65536K, 0% used [0x000000076b380000,0x000000076b380000,0x000000076f380000)
  from space 10752K, 0% used [0x000000076fe00000,0x000000076fe00000,0x0000000770880000)
  to   space 10752K, 0% used [0x000000076f380000,0x000000076f380000,0x000000076fe00000)
 ParOldGen       total 107520K, used 11706K [0x00000006c1a00000, 0x00000006c8300000, 0x000000076b380000)
  object space 107520K, 10% used [0x00000006c1a00000,0x00000006c256eb30,0x00000006c8300000)
 Metaspace       used 20570K, capacity 21188K, committed 21296K, reserved 1069056K
  class space    used 2476K, capacity 2638K, committed 2688K, reserved 1048576K
}
Event: 6.837 GC heap before
{Heap before GC invocations=6 (full 1):
 PSYoungGen      total 76288K, used 65536K [0x000000076b380000, 0x0000000774880000, 0x00000007c0000000)
  eden space 65536K, 100% used [0x000000076b380000,0x000000076f380000,0x000000076f380000)
  from space 10752K, 0% used [0x000000076fe00000,0x000000076fe00000,0x0000000770880000)
  to   space 10752K, 0% used [0x000000076f380000,0x000000076f380000,0x000000076fe00000)
 ParOldGen       total 107520K, used 11706K [0x00000006c1a00000, 0x00000006c8300000, 0x000000076b380000)
  object space 107520K, 10% used [0x00000006c1a00000,0x00000006c256eb30,0x00000006c8300000)
 Metaspace       used 24499K, capacity 25136K, committed 25344K, reserved 1071104K
  class space    used 2816K, capacity 2992K, committed 3072K, reserved 1048576K
Event: 6.846 GC heap after
Heap after GC invocations=6 (full 1):
 PSYoungGen      total 76288K, used 10733K [0x000000076b380000, 0x0000000772d00000, 0x00000007c0000000)
  eden space 65536K, 0% used [0x000000076b380000,0x000000076b380000,0x000000076f380000)
  from space 10752K, 99% used [0x000000076f380000,0x000000076fdfb6c8,0x000000076fe00000)
  to   space 12288K, 0% used [0x0000000772100000,0x0000000772100000,0x0000000772d00000)
 ParOldGen       total 107520K, used 12133K [0x00000006c1a00000, 0x00000006c8300000, 0x000000076b380000)
  object space 107520K, 11% used [0x00000006c1a00000,0x00000006c25d9608,0x00000006c8300000)
 Metaspace       used 24499K, capacity 25136K, committed 25344K, reserved 1071104K
  class space    used 2816K, capacity 2992K, committed 3072K, reserved 1048576K
}
Event: 8.914 GC heap before
{Heap before GC invocations=7 (full 1):
 PSYoungGen      total 76288K, used 76269K [0x000000076b380000, 0x0000000772d00000, 0x00000007c0000000)
  eden space 65536K, 100% used [0x000000076b380000,0x000000076f380000,0x000000076f380000)
  from space 10752K, 99% used [0x000000076f380000,0x000000076fdfb6c8,0x000000076fe00000)
  to   space 12288K, 0% used [0x0000000772100000,0x0000000772100000,0x0000000772d00000)
 ParOldGen       total 107520K, used 12133K [0x00000006c1a00000, 0x00000006c8300000, 0x000000076b380000)
  object space 107520K, 11% used [0x00000006c1a00000,0x00000006c25d9608,0x00000006c8300000)
 Metaspace       used 25184K, capacity 25826K, committed 26112K, reserved 1073152K
  class space    used 2873K, capacity 3027K, committed 3072K, reserved 1048576K
Event: 8.933 GC heap after
Heap after GC invocations=7 (full 1):
 PSYoungGen      total 106496K, used 12284K [0x000000076b380000, 0x0000000773780000, 0x00000007c0000000)
  eden space 94208K, 0% used [0x000000076b380000,0x000000076b380000,0x0000000770f80000)
  from space 12288K, 99% used [0x0000000772100000,0x0000000772cff188,0x0000000772d00000)
  to   space 17920K, 0% used [0x0000000770f80000,0x0000000770f80000,0x0000000772100000)
 ParOldGen       total 107520K, used 21401K [0x00000006c1a00000, 0x00000006c8300000, 0x000000076b380000)
  object space 107520K, 19% used [0x00000006c1a00000,0x00000006c2ee6650,0x00000006c8300000)
 Metaspace       used 25184K, capacity 25826K, committed 26112K, reserved 1073152K
  class space    used 2873K, capacity 3027K, committed 3072K, reserved 1048576K
}
Event: 10.066 GC heap before
{Heap before GC invocations=8 (full 1):
 PSYoungGen      total 106496K, used 106492K [0x000000076b380000, 0x0000000773780000, 0x00000007c0000000)
  eden space 94208K, 100% used [0x000000076b380000,0x0000000770f80000,0x0000000770f80000)
  from space 12288K, 99% used [0x0000000772100000,0x0000000772cff188,0x0000000772d00000)
  to   space 17920K, 0% used [0x0000000770f80000,0x0000000770f80000,0x0000000772100000)
 ParOldGen       total 107520K, used 21401K [0x00000006c1a00000, 0x00000006c8300000, 0x000000076b380000)
  object space 107520K, 19% used [0x00000006c1a00000,0x00000006c2ee6650,0x00000006c8300000)
 Metaspace       used 30520K, capacity 31238K, committed 31360K, reserved 1077248K
  class space    used 3463K, capacity 3658K, committed 3712K, reserved 1048576K
Event: 10.089 GC heap after
Heap after GC invocations=8 (full 1):
 PSYoungGen      total 112128K, used 17891K [0x000000076b380000, 0x0000000777300000, 0x00000007c0000000)
  eden space 94208K, 0% used [0x000000076b380000,0x000000076b380000,0x0000000770f80000)
  from space 17920K, 99% used [0x0000000770f80000,0x00000007720f8ef0,0x0000000772100000)
  to   space 24576K, 0% used [0x0000000775b00000,0x0000000775b00000,0x0000000777300000)
 ParOldGen       total 107520K, used 30509K [0x00000006c1a00000, 0x00000006c8300000, 0x000000076b380000)
  object space 107520K, 28% used [0x00000006c1a00000,0x00000006c37cb750,0x00000006c8300000)
 Metaspace       used 30520K, capacity 31238K, committed 31360K, reserved 1077248K
  class space    used 3463K, capacity 3658K, committed 3712K, reserved 1048576K
}
Event: 10.467 GC heap before
{Heap before GC invocations=9 (full 1):
 PSYoungGen      total 112128K, used 112099K [0x000000076b380000, 0x0000000777300000, 0x00000007c0000000)
  eden space 94208K, 100% used [0x000000076b380000,0x0000000770f80000,0x0000000770f80000)
  from space 17920K, 99% used [0x0000000770f80000,0x00000007720f8ef0,0x0000000772100000)
  to   space 24576K, 0% used [0x0000000775b00000,0x0000000775b00000,0x0000000777300000)
 ParOldGen       total 107520K, used 30509K [0x00000006c1a00000, 0x00000006c8300000, 0x000000076b380000)
  object space 107520K, 28% used [0x00000006c1a00000,0x00000006c37cb750,0x00000006c8300000)
 Metaspace       used 30550K, capacity 31248K, committed 31360K, reserved 1077248K
  class space    used 3466K, capacity 3660K, committed 3712K, reserved 1048576K
Event: 10.489 GC heap after
Heap after GC invocations=9 (full 1):
 PSYoungGen      total 165376K, used 24555K [0x000000076b380000, 0x0000000778b80000, 0x00000007c0000000)
  eden space 140800K, 0% used [0x000000076b380000,0x000000076b380000,0x0000000773d00000)
  from space 24576K, 99% used [0x0000000775b00000,0x00000007772faed8,0x0000000777300000)
  to   space 30720K, 0% used [0x0000000773d00000,0x0000000773d00000,0x0000000775b00000)
 ParOldGen       total 107520K, used 37161K [0x00000006c1a00000, 0x00000006c8300000, 0x000000076b380000)
  object space 107520K, 34% used [0x00000006c1a00000,0x00000006c3e4a4f8,0x00000006c8300000)
 Metaspace       used 30550K, capacity 31248K, committed 31360K, reserved 1077248K
  class space    used 3466K, capacity 3660K, committed 3712K, reserved 1048576K
}

